[sites.google.com/view/projectalmanac/home.html]
[backblue.gif]
[fade.gif]
[index.html]
[ssl.gstatic.com/atari/images/simple-header-blended-small.png]
[apis.google.com/js/clientc932.js]
[sites.google.com/view/projectalmanac/region-info.html]
[sites.google.com/view/projectalmanac/events.html]
[sites.google.com/view/projectalmanac/guides.html]
[sites.google.com/view/projectalmanac/tools.html]
[sites.google.com/view/projectalmanac/modding.html]
[sites.google.com/view/projectalmanac/character-resources.html]
[sites.google.com/view/projectalmanac/blog.html]
[sites.google.com/view/projectalmanac/home.html]
[sites.google.com/view/projectalmanac/region-info.html]
[sites.google.com/view/projectalmanac/events.html]
[sites.google.com/view/projectalmanac/guides.html]
[sites.google.com/view/projectalmanac/tools.html]
[sites.google.com/view/projectalmanac/modding.html]
[sites.google.com/view/projectalmanac/character-resources.html]
[sites.google.com/view/projectalmanac/blog.html]
[sites.google.com/view/projectalmanac/feedback.html]
[sites.google.com/view/projectalmanac/feedback.html]
